<?xml version="1.0" encoding="UTF-8" ?>
<testsuite 
errors="0" failures="0" hostname="localhost" name="org.apache.spark.metrics.RpcMetricsReceiverSuite" tests="21" time="15.304" timestamp="2021-06-02T10:11:38">
  <properties>
[...]
</properties>
  <testcase 
  name="getMetric returns valid metric" classname="org.apache.spark.metrics.RpcMetricsReceiverSuite" time="0.005">
</testcase>
  <testcase 
  name="getMetric returns None for non-existent namespace" classname="org.apache.spark.metrics.RpcMetricsReceiverSuite" time="0.003">
</testcase>
  <testcase 
  name="getMetric returns None for non-existent metric" classname="org.apache.spark.metrics.RpcMetricsReceiverSuite" time="0.005">
</testcase>
  <testcase 
  name="getMetric returns None for valid namespace and metric, but invalid type" classname="org.apache.spark.metrics.RpcMetricsReceiverSuite" time="0.007">
</testcase>
  <testcase 
  name="getMetric returns Metric subclass" classname="org.apache.spark.metrics.RpcMetricsReceiverSuite" time="0.004">
</testcase>
  <testcase 
  name="getMetric returns Counter subclass" classname="org.apache.spark.metrics.RpcMetricsReceiverSuite" time="0.006">
</testcase>
  <testcase 
  name="CounterMessage received with valid name and inc() called" classname="org.apache.spark.metrics.RpcMetricsReceiverSuite" time="0.09">
</testcase>
  <testcase 
  name="CounterMessage received with invalid name and inc() not called" classname="org.apache.spark.metrics.RpcMetricsReceiverSuite" time="0.006">
</testcase>
  <testcase 
  name="HistogramMessage received with valid name and update() called" classname="org.apache.spark.metrics.RpcMetricsReceiverSuite" time="0.019">
</testcase>
  <testcase 
  name="HistogramMessage received with invalid name and update() not called" classname="org.apache.spark.metrics.RpcMetricsReceiverSuite" time="0.002">
</testcase>
  <testcase 
  name="HistogramMessage received with mismatched reservoir and update() not called" classname="org.apache.spark.metrics.RpcMetricsReceiverSuite" time="0.004">
</testcase>
  <testcase 
  name="MeterMessage received with valid name and mark() called" classname="org.apache.spark.metrics.RpcMetricsReceiverSuite" time="0.014">
</testcase>
  <testcase 
  name="MeterMessage received with invalid name and mark() not called" classname="org.apache.spark.metrics.RpcMetricsReceiverSuite" time="0.005">
</testcase>
  <testcase 
  name="MeterMessage received with mismatched clock and mark() not called" classname="org.apache.spark.metrics.RpcMetricsReceiverSuite" time="0.005">
</testcase>
  <testcase 
  name="TimerMessage received with valid name and update() called" classname="org.apache.spark.metrics.RpcMetricsReceiverSuite" time="0.022">
</testcase>
  <testcase 
  name="TimerMessage received with invalid name and update() not called" classname="org.apache.spark.metrics.RpcMetricsReceiverSuite" time="0.002">
</testcase>
  <testcase 
  name="TimerMessage received with mismatched reservoir and update() not called" classname="org.apache.spark.metrics.RpcMetricsReceiverSuite" time="0.003">
</testcase>
  <testcase 
  name="TimerMessage received with mismatched clock and update() not called" classname="org.apache.spark.metrics.RpcMetricsReceiverSuite" time="0.002">
</testcase>
  <testcase 
  name="SettableGaugeMessage received with valid name and set() called" classname="org.apache.spark.metrics.RpcMetricsReceiverSuite" time="0.016">
</testcase>
  <testcase 
  name="SettableGaugeMessage received with invalid name and set() not called" classname="org.apache.spark.metrics.RpcMetricsReceiverSuite" time="0.002">
</testcase>
  <testcase 
  name="Unsupported message received and processing messages does not stop" classname="org.apache.spark.metrics.RpcMetricsReceiverSuite" time="0.004">
</testcase>
  <system-out><![CDATA[]]></system-out>
  <system-err><![CDATA[]]></system-err>
</testsuite>
