<?xml version="1.0" encoding="UTF-8" ?>
<testsuite 
errors="0" failures="0" hostname="localhost" name="org.apache.spark.listeners.LogAnalyticsStreamingListenerSuite" tests="21" time="1.863" timestamp="2021-06-02T10:11:30">
  <properties>
[...]
</properties>
  <testcase 
  name="should invoke sendToSink for StreamingListenerStreamingStarted event with full class name" classname="org.apache.spark.listeners.LogAnalyticsStreamingListenerSuite" time="0.898">
</testcase>
  <testcase 
  name="should invoke sendToSink for StreamingListenerReceiverStarted event with full class name" classname="org.apache.spark.listeners.LogAnalyticsStreamingListenerSuite" time="0.053">
</testcase>
  <testcase 
  name="should invoke sendToSink for StreamingListenerReceiverError event with full class name" classname="org.apache.spark.listeners.LogAnalyticsStreamingListenerSuite" time="0.023">
</testcase>
  <testcase 
  name="should invoke sendToSink for StreamingListenerReceiverStopped event with full class name" classname="org.apache.spark.listeners.LogAnalyticsStreamingListenerSuite" time="0.02">
</testcase>
  <testcase 
  name="should invoke sendToSink for StreamingListenerBatchSubmitted event with full class name" classname="org.apache.spark.listeners.LogAnalyticsStreamingListenerSuite" time="0.15">
</testcase>
  <testcase 
  name="should invoke sendToSink for StreamingListenerBatchStarted event with full class name" classname="org.apache.spark.listeners.LogAnalyticsStreamingListenerSuite" time="0.051">
</testcase>
  <testcase 
  name="should invoke sendToSink for StreamingListenerBatchCompleted event with full class name" classname="org.apache.spark.listeners.LogAnalyticsStreamingListenerSuite" time="0.017">
</testcase>
  <testcase 
  name="should invoke sendToSink for StreamingListenerOutputOperationStarted event with full class name" classname="org.apache.spark.listeners.LogAnalyticsStreamingListenerSuite" time="0.044">
</testcase>
  <testcase 
  name="should invoke sendToSink for StreamingListenerOutputOperationCompleted event with full class name" classname="org.apache.spark.listeners.LogAnalyticsStreamingListenerSuite" time="0.022">
</testcase>
  <testcase 
  name="StreamingListenerStreamingStarted should have expected SparkEventTime" classname="org.apache.spark.listeners.LogAnalyticsStreamingListenerSuite" time="0.013">
</testcase>
  <testcase 
  name="StreamingListenerBatchCompleted should have expected SparkEventTime" classname="org.apache.spark.listeners.LogAnalyticsStreamingListenerSuite" time="0.014">
</testcase>
  <testcase 
  name="StreamingListenerBatchSubmitted should have expected SparkEventTime" classname="org.apache.spark.listeners.LogAnalyticsStreamingListenerSuite" time="0.01">
</testcase>
  <testcase 
  name="StreamingListenerBatchStarted should have expected SparkEventTime" classname="org.apache.spark.listeners.LogAnalyticsStreamingListenerSuite" time="0.015">
</testcase>
  <testcase 
  name="StreamingListenerBatchStarted with no processingStartTime should have SparkEventTime" classname="org.apache.spark.listeners.LogAnalyticsStreamingListenerSuite" time="0.019">
</testcase>
  <testcase 
  name="StreamingListenerOutputOperationCompleted should have expected SparkEventTime" classname="org.apache.spark.listeners.LogAnalyticsStreamingListenerSuite" time="0.013">
</testcase>
  <testcase 
  name="StreamingListenerOutputOperationCompleted with no endTime should have SparkEventTime" classname="org.apache.spark.listeners.LogAnalyticsStreamingListenerSuite" time="0.014">
</testcase>
  <testcase 
  name="StreamingListenerOutputOperationStarted should have expected SparkEventTime" classname="org.apache.spark.listeners.LogAnalyticsStreamingListenerSuite" time="0.014">
</testcase>
  <testcase 
  name="StreamingListenerOutputOperationStarted with no endTime should have SparkEventTime" classname="org.apache.spark.listeners.LogAnalyticsStreamingListenerSuite" time="0.01">
</testcase>
  <testcase 
  name="StreamingListenerReceiverError should have SparkEventTime" classname="org.apache.spark.listeners.LogAnalyticsStreamingListenerSuite" time="0.008">
</testcase>
  <testcase 
  name="StreamingListenerReceiverStarted should have SparkEventTime" classname="org.apache.spark.listeners.LogAnalyticsStreamingListenerSuite" time="0.009">
</testcase>
  <testcase 
  name="StreamingListenerReceiverStopped should have SparkEventTime" classname="org.apache.spark.listeners.LogAnalyticsStreamingListenerSuite" time="0.01">
</testcase>
  <system-out><![CDATA[]]></system-out>
  <system-err><![CDATA[]]></system-err>
</testsuite>
