<?xml version="1.0" encoding="UTF-8" ?>
<testsuite 
errors="0" failures="0" hostname="localhost" name="org.apache.spark.metrics.LocalMetricsSystemsSuite" tests="8" time="0.268" timestamp="2021-06-02T10:11:29">
  <properties>
[...]
</properties>
  <testcase 
  name="metricsSource cannot be null" classname="org.apache.spark.metrics.LocalMetricsSystemsSuite" time="0.006">
</testcase>
  <testcase 
  name="counter() returns named counter" classname="org.apache.spark.metrics.LocalMetricsSystemsSuite" time="0.001">
</testcase>
  <testcase 
  name="histogram() returns named histogram" classname="org.apache.spark.metrics.LocalMetricsSystemsSuite" time="0.001">
</testcase>
  <testcase 
  name="meter() returns named meter" classname="org.apache.spark.metrics.LocalMetricsSystemsSuite" time="0.001">
</testcase>
  <testcase 
  name="timer() returns named timer" classname="org.apache.spark.metrics.LocalMetricsSystemsSuite" time="0.001">
</testcase>
  <testcase 
  name="gauge() returns named gauge" classname="org.apache.spark.metrics.LocalMetricsSystemsSuite" time="0.002">
</testcase>
  <testcase 
  name="gauge() throws a SparkException for a gauge that does not inherit from SettableGauge[T]" classname="org.apache.spark.metrics.LocalMetricsSystemsSuite" time="0.002">
</testcase>
  <testcase 
  name="counter() throws a SparkException for a counter that does not exist" classname="org.apache.spark.metrics.LocalMetricsSystemsSuite" time="0.002">
</testcase>
  <system-out><![CDATA[]]></system-out>
  <system-err><![CDATA[]]></system-err>
</testsuite>
