<?xml version="1.0" encoding="UTF-8" ?>
<testsuite 
errors="0" failures="0" hostname="localhost" name="org.apache.spark.listeners.LogAnalyticsListenerSuite" tests="29" time="5.768" timestamp="2021-06-02T10:11:32">
  <properties>
[...]
</properties>
  <testcase 
  name="should invoke onStageSubmitted" classname="org.apache.spark.listeners.LogAnalyticsListenerSuite" time="0.295">
</testcase>
  <testcase 
  name="should invoke onTaskStart" classname="org.apache.spark.listeners.LogAnalyticsListenerSuite" time="0.014">
</testcase>
  <testcase 
  name="should invoke onTaskGettingResult" classname="org.apache.spark.listeners.LogAnalyticsListenerSuite" time="0.007">
</testcase>
  <testcase 
  name="should invoke onTaskEnd" classname="org.apache.spark.listeners.LogAnalyticsListenerSuite" time="0.038">
</testcase>
  <testcase 
  name="should invoke onEnvironmentUpdate" classname="org.apache.spark.listeners.LogAnalyticsListenerSuite" time="0.026">
</testcase>
  <testcase 
  name="should invoke onStageCompleted" classname="org.apache.spark.listeners.LogAnalyticsListenerSuite" time="0.011">
</testcase>
  <testcase 
  name="should invoke onJobStart" classname="org.apache.spark.listeners.LogAnalyticsListenerSuite" time="0.013">
</testcase>
  <testcase 
  name="should invoke onJobEnd" classname="org.apache.spark.listeners.LogAnalyticsListenerSuite" time="0.008">
</testcase>
  <testcase 
  name="should invoke onBlockManagerAdded" classname="org.apache.spark.listeners.LogAnalyticsListenerSuite" time="0.011">
</testcase>
  <testcase 
  name="should invoke onBlockManagerRemoved" classname="org.apache.spark.listeners.LogAnalyticsListenerSuite" time="0.008">
</testcase>
  <testcase 
  name="should invoke onUnpersistRDD" classname="org.apache.spark.listeners.LogAnalyticsListenerSuite" time="0.006">
</testcase>
  <testcase 
  name="should invoke onApplicationStart" classname="org.apache.spark.listeners.LogAnalyticsListenerSuite" time="0.013">
</testcase>
  <testcase 
  name="should invoke onApplicationEnd" classname="org.apache.spark.listeners.LogAnalyticsListenerSuite" time="0.008">
</testcase>
  <testcase 
  name="should invoke onExecutorAdded" classname="org.apache.spark.listeners.LogAnalyticsListenerSuite" time="0.014">
</testcase>
  <testcase 
  name="should invoke onExecutorRemoved" classname="org.apache.spark.listeners.LogAnalyticsListenerSuite" time="0.009">
</testcase>
  <testcase 
  name="should invoke onExecutorBlacklisted" classname="org.apache.spark.listeners.LogAnalyticsListenerSuite" time="0.022">
</testcase>
  <testcase 
  name="should invoke onExecutorUnblacklisted" classname="org.apache.spark.listeners.LogAnalyticsListenerSuite" time="0.017">
</testcase>
  <testcase 
  name="should onExecutorMetricsUpdate be always no op" classname="org.apache.spark.listeners.LogAnalyticsListenerSuite" time="0.055">
</testcase>
  <testcase 
  name="should invoke onNodeBlacklisted" classname="org.apache.spark.listeners.LogAnalyticsListenerSuite" time="0.014">
</testcase>
  <testcase 
  name="should invoke onNodeUnblacklisted" classname="org.apache.spark.listeners.LogAnalyticsListenerSuite" time="0.014">
</testcase>
  <testcase 
  name="should not invoke onBlockUpdated when logBlockUpdates is set to false" classname="org.apache.spark.listeners.LogAnalyticsListenerSuite" time="0.005">
</testcase>
  <testcase 
  name="should invoke onBlockUpdated when logBlockUpdates is set to true" classname="org.apache.spark.listeners.LogAnalyticsListenerSuite" time="0.011">
</testcase>
  <testcase 
  name="should invoke onOtherEvent but don't log if logevent is not enabled" classname="org.apache.spark.listeners.LogAnalyticsListenerSuite" time="0.002">
</testcase>
  <testcase 
  name="should invoke onOtherEvent but will log logevent is enabled" classname="org.apache.spark.listeners.LogAnalyticsListenerSuite" time="0.012">
</testcase>
  <testcase 
  name="onStageSubmitted with time should populate expected SparkEventTime" classname="org.apache.spark.listeners.LogAnalyticsListenerSuite" time="0.006">
</testcase>
  <testcase 
  name="onStageSubmitted with no submission time should populate SparkEventTime" classname="org.apache.spark.listeners.LogAnalyticsListenerSuite" time="0.009">
</testcase>
  <testcase 
  name="onStageSubmitted with submission time should populate expected SparkEventTime" classname="org.apache.spark.listeners.LogAnalyticsListenerSuite" time="0.008">
</testcase>
  <testcase 
  name="onEnvironmentUpdate should populate SparkEventTime field" classname="org.apache.spark.listeners.LogAnalyticsListenerSuite" time="0.008">
</testcase>
  <testcase 
  name="createSink should be called" classname="org.apache.spark.listeners.LogAnalyticsListenerSuite" time="5.007">
</testcase>
  <system-out><![CDATA[]]></system-out>
  <system-err><![CDATA[]]></system-err>
</testsuite>
