<?xml version="1.0" encoding="UTF-8"?>
<testsuite xmlns:xsi="http://www.w3.org/2001/XMLSchema-instance" xsi:noNamespaceSchemaLocation="https://maven.apache.org/surefire/maven-surefire-plugin/xsd/surefire-test-report.xsd" name="com.microsoft.pnp.client.loganalytics.ResourceIdTest" time="0.53" tests="2" errors="0" skipped="0" failures="0">
  <properties>
[...]
</properties>
  <testcase name="it_should_have_x_ms_azure_resource_Id_set" classname="com.microsoft.pnp.client.loganalytics.ResourceIdTest" time="0.523"/>
  <testcase name="it_should_have_x_ms_azure_resource_Id_null" classname="com.microsoft.pnp.client.loganalytics.ResourceIdTest" time="0.006"/>
</testsuite>